  Animation.cpp
  Object_Camera.cpp
  CorruptLab.cpp
  Mesh_Skinned.cpp
  Mesh_SkyBox.cpp
  Mesh_Terrain.cpp
  Object_Nosie.cpp
  Object_Terrain.cpp
  MapObjectLoader.cpp
  Material.cpp
  DDSTextureLoader12.cpp
  GameFramework.cpp
  Mesh.cpp
  Object_BillBoard.cpp
  Object_UI.cpp
  Shader-Terrain.cpp
  Shader_BillBoard.cpp
  Shader_CollisionBox.cpp
  Shader_LightMRT.cpp
  Shader_MRT.cpp
  코드를 생성하고 있습니다...
  컴파일하고 있습니다...
  Object.cpp
  Object_Player.cpp
  Scene.cpp
  Shader.cpp
  Shader_Noise.cpp
  Shader_Standard.cpp
  stdafx.cpp
  Timer.cpp
  WICTextureLoader12.cpp
  코드를 생성하고 있습니다...
  CorruptLab.vcxproj -> C:\Users\권다현\Desktop\ZzongKkongA\Client\CorruptLab\x64\Debug\CorruptLab.exe
