d:\졸작2\client\corruptlab\corruptlab\x64\debug\vc142.pdb
d:\졸작2\client\corruptlab\corruptlab\x64\debug\vc142.idb
d:\졸작2\client\corruptlab\corruptlab\x64\debug\wictextureloader12.obj
d:\졸작2\client\corruptlab\corruptlab\x64\debug\shader.obj
d:\졸작2\client\corruptlab\corruptlab\x64\debug\scene.obj
d:\졸작2\client\corruptlab\corruptlab\x64\debug\player.obj
d:\졸작2\client\corruptlab\corruptlab\x64\debug\object.obj
d:\졸작2\client\corruptlab\corruptlab\x64\debug\mesh.obj
d:\졸작2\client\corruptlab\corruptlab\x64\debug\gameframework.obj
d:\졸작2\client\corruptlab\corruptlab\x64\debug\material.obj
d:\졸작2\client\corruptlab\corruptlab\x64\debug\geometry.obj
d:\졸작2\client\corruptlab\corruptlab\x64\debug\corruptlab.obj
d:\졸작2\client\corruptlab\corruptlab\x64\debug\camera.obj
d:\졸작2\client\corruptlab\corruptlab\x64\debug\animation.obj
d:\졸작2\client\corruptlab\corruptlab\x64\debug\stdafx.obj
d:\졸작2\client\corruptlab\corruptlab\x64\debug\timer.obj
d:\졸작2\client\corruptlab\corruptlab\x64\debug\ddstextureloader12.obj
d:\졸작2\client\corruptlab\corruptlab\x64\debug\corruptlab.res
d:\졸작2\client\corruptlab\x64\debug\corruptlab.pdb
d:\졸작2\client\corruptlab\corruptlab\x64\debug\corruptlab.tlog\cl.command.1.tlog
d:\졸작2\client\corruptlab\corruptlab\x64\debug\corruptlab.tlog\cl.read.1.tlog
d:\졸작2\client\corruptlab\corruptlab\x64\debug\corruptlab.tlog\cl.write.1.tlog
d:\졸작2\client\corruptlab\corruptlab\x64\debug\corruptlab.tlog\link-cvtres.read.1.tlog
d:\졸작2\client\corruptlab\corruptlab\x64\debug\corruptlab.tlog\link-cvtres.write.1.tlog
d:\졸작2\client\corruptlab\corruptlab\x64\debug\corruptlab.tlog\link-rc.read.1.tlog
d:\졸작2\client\corruptlab\corruptlab\x64\debug\corruptlab.tlog\link-rc.write.1.tlog
d:\졸작2\client\corruptlab\corruptlab\x64\debug\corruptlab.tlog\link.command.1.tlog
d:\졸작2\client\corruptlab\corruptlab\x64\debug\corruptlab.tlog\link.read.1.tlog
d:\졸작2\client\corruptlab\corruptlab\x64\debug\corruptlab.tlog\link.write.1.tlog
d:\졸작2\client\corruptlab\corruptlab\x64\debug\corruptlab.tlog\rc.command.1.tlog
d:\졸작2\client\corruptlab\corruptlab\x64\debug\corruptlab.tlog\rc.read.1.tlog
d:\졸작2\client\corruptlab\corruptlab\x64\debug\corruptlab.tlog\rc.write.1.tlog
