  Animation.cpp
  Mgr_Item.cpp
  LobbyScene.cpp
  CShader_ShadowMRT.cpp
  Mgr_Collision.cpp
  Object_Camera.cpp
  CorruptLab.cpp
  Mesh_Skinned.cpp
  Mesh_SkyBox.cpp
  Mesh_Terrain.cpp
  Object_DynamicObj.cpp
  Object_ItemBox.cpp
  Object_Nosie.cpp
  Object_RotatingItem.cpp
  Object_StaticObj.cpp
  Object_Terrain.cpp
  MapObjectLoader.cpp
  Material.cpp
  DDSTextureLoader12.cpp
  GameFramework.cpp
  코드를 생성하고 있습니다...
  컴파일하고 있습니다...
  Mesh.cpp
  Object_BillBoard.cpp
  Object_UI.cpp
  Shader-Terrain.cpp
  Shader_BaseUI.cpp
  Shader_BillBoard.cpp
  Shader_BillboardUI.cpp
  Shader_CollisionBox.cpp
  Shader_Item.cpp
  Shader_LightMRT.cpp
  Shader_Lobby.cpp
  Shader_Minimap.cpp
  Shader_MRT.cpp
C:\Users\tjdtj\OneDrive\바탕 화면\CorruptLab#\CorruptLab\Shader_MRT.cpp(343,20): warning C4018: '<': signed 또는 unsigned가 일치하지 않습니다.
C:\Users\tjdtj\OneDrive\바탕 화면\CorruptLab#\CorruptLab\Shader_MRT.cpp(369,20): warning C4018: '<': signed 또는 unsigned가 일치하지 않습니다.
C:\Users\tjdtj\OneDrive\바탕 화면\CorruptLab#\CorruptLab\Shader_MRT.cpp(540,20): warning C4018: '<': signed 또는 unsigned가 일치하지 않습니다.
C:\Users\tjdtj\OneDrive\바탕 화면\CorruptLab#\CorruptLab\Shader_MRT.cpp(550,20): warning C4018: '<': signed 또는 unsigned가 일치하지 않습니다.
  Object.cpp
  Object_Player.cpp
  Scene.cpp
  Shader.cpp
  Shader_Noise.cpp
  Shader_ObjHP.cpp
  Shader_Standard.cpp
  코드를 생성하고 있습니다...
  컴파일하고 있습니다...
  stdafx.cpp
  Timer.cpp
  WICTextureLoader12.cpp
  코드를 생성하고 있습니다...
  Monster_Yangmal.cpp
  Monster.cpp
  코드를 생성하고 있습니다...
  CorruptLab.vcxproj -> C:\Users\tjdtj\OneDrive\바탕 화면\CorruptLab#\x64\Debug\CorruptLab.exe
