c:\users\tjdtj\onedrive\바탕 화면\zzongkkonga\client\mfceffecttool\mfceffecttool\x64\debug\mfceffecttool.pch
c:\users\tjdtj\onedrive\바탕 화면\zzongkkonga\client\mfceffecttool\mfceffecttool\x64\debug\vc142.pdb
c:\users\tjdtj\onedrive\바탕 화면\zzongkkonga\client\mfceffecttool\mfceffecttool\x64\debug\vc142.idb
c:\users\tjdtj\onedrive\바탕 화면\zzongkkonga\client\mfceffecttool\mfceffecttool\x64\debug\pch.obj
c:\users\tjdtj\onedrive\바탕 화면\zzongkkonga\client\mfceffecttool\mfceffecttool\x64\debug\myform.obj
c:\users\tjdtj\onedrive\바탕 화면\zzongkkonga\client\mfceffecttool\mfceffecttool\x64\debug\mfceffecttoolview.obj
c:\users\tjdtj\onedrive\바탕 화면\zzongkkonga\client\mfceffecttool\mfceffecttool\x64\debug\mfceffecttool.obj
c:\users\tjdtj\onedrive\바탕 화면\zzongkkonga\client\mfceffecttool\mfceffecttool\x64\debug\mainfrm.obj
c:\users\tjdtj\onedrive\바탕 화면\zzongkkonga\client\mfceffecttool\mfceffecttool\x64\debug\timer.obj
c:\users\tjdtj\onedrive\바탕 화면\zzongkkonga\client\mfceffecttool\mfceffecttool\x64\debug\stdafx.obj
c:\users\tjdtj\onedrive\바탕 화면\zzongkkonga\client\mfceffecttool\mfceffecttool\x64\debug\shader.obj
c:\users\tjdtj\onedrive\바탕 화면\zzongkkonga\client\mfceffecttool\mfceffecttool\x64\debug\scene.obj
c:\users\tjdtj\onedrive\바탕 화면\zzongkkonga\client\mfceffecttool\mfceffecttool\x64\debug\player.obj
c:\users\tjdtj\onedrive\바탕 화면\zzongkkonga\client\mfceffecttool\mfceffecttool\x64\debug\object.obj
c:\users\tjdtj\onedrive\바탕 화면\zzongkkonga\client\mfceffecttool\mfceffecttool\x64\debug\mfceffecttooldoc.obj
c:\users\tjdtj\onedrive\바탕 화면\zzongkkonga\client\mfceffecttool\mfceffecttool\x64\debug\mesh.obj
c:\users\tjdtj\onedrive\바탕 화면\zzongkkonga\client\mfceffecttool\mfceffecttool\x64\debug\gameframework.obj
c:\users\tjdtj\onedrive\바탕 화면\zzongkkonga\client\mfceffecttool\mfceffecttool\x64\debug\effecttool2.obj
c:\users\tjdtj\onedrive\바탕 화면\zzongkkonga\client\mfceffecttool\mfceffecttool\x64\debug\effecttool.obj
c:\users\tjdtj\onedrive\바탕 화면\zzongkkonga\client\mfceffecttool\mfceffecttool\x64\debug\ddstextureloader12.obj
c:\users\tjdtj\onedrive\바탕 화면\zzongkkonga\client\mfceffecttool\mfceffecttool\x64\debug\camera.obj
c:\users\tjdtj\onedrive\바탕 화면\zzongkkonga\client\mfceffecttool\x64\debug\mfceffecttool.exe
c:\users\tjdtj\onedrive\바탕 화면\zzongkkonga\client\mfceffecttool\x64\debug\mfceffecttool.ilk
c:\users\tjdtj\onedrive\바탕 화면\zzongkkonga\client\mfceffecttool\x64\debug\mfceffecttool.pdb
c:\users\tjdtj\onedrive\바탕 화면\zzongkkonga\client\mfceffecttool\mfceffecttool\x64\debug\mfceffecttool.res
c:\users\tjdtj\onedrive\바탕 화면\zzongkkonga\client\mfceffecttool\mfceffecttool\x64\debug\mfceffecttool.tlog\cl.command.1.tlog
c:\users\tjdtj\onedrive\바탕 화면\zzongkkonga\client\mfceffecttool\mfceffecttool\x64\debug\mfceffecttool.tlog\cl.read.1.tlog
c:\users\tjdtj\onedrive\바탕 화면\zzongkkonga\client\mfceffecttool\mfceffecttool\x64\debug\mfceffecttool.tlog\cl.write.1.tlog
c:\users\tjdtj\onedrive\바탕 화면\zzongkkonga\client\mfceffecttool\mfceffecttool\x64\debug\mfceffecttool.tlog\link.command.1.tlog
c:\users\tjdtj\onedrive\바탕 화면\zzongkkonga\client\mfceffecttool\mfceffecttool\x64\debug\mfceffecttool.tlog\link.read.1.tlog
c:\users\tjdtj\onedrive\바탕 화면\zzongkkonga\client\mfceffecttool\mfceffecttool\x64\debug\mfceffecttool.tlog\link.write.1.tlog
c:\users\tjdtj\onedrive\바탕 화면\zzongkkonga\client\mfceffecttool\mfceffecttool\x64\debug\mfceffecttool.tlog\rc.command.1.tlog
c:\users\tjdtj\onedrive\바탕 화면\zzongkkonga\client\mfceffecttool\mfceffecttool\x64\debug\mfceffecttool.tlog\rc.read.1.tlog
c:\users\tjdtj\onedrive\바탕 화면\zzongkkonga\client\mfceffecttool\mfceffecttool\x64\debug\mfceffecttool.tlog\rc.write.1.tlog
