c:\users\tjdtj\onedrive\바탕 화면\zzongkkonga\client\mfceffecttool\mfceffecttool\debug\vc142.pdb
c:\users\tjdtj\onedrive\바탕 화면\zzongkkonga\client\mfceffecttool\mfceffecttool\debug\vc142.idb
c:\users\tjdtj\onedrive\바탕 화면\zzongkkonga\client\mfceffecttool\mfceffecttool\debug\mfceffecttoolview.obj
c:\users\tjdtj\onedrive\바탕 화면\zzongkkonga\client\mfceffecttool\mfceffecttool\debug\mfceffecttooldoc.obj
c:\users\tjdtj\onedrive\바탕 화면\zzongkkonga\client\mfceffecttool\mfceffecttool\debug\mfceffecttool.obj
c:\users\tjdtj\onedrive\바탕 화면\zzongkkonga\client\mfceffecttool\mfceffecttool\debug\mainfrm.obj
c:\users\tjdtj\onedrive\바탕 화면\zzongkkonga\client\mfceffecttool\mfceffecttool\debug\myform.obj
c:\users\tjdtj\onedrive\바탕 화면\zzongkkonga\client\mfceffecttool\mfceffecttool\debug\mfceffecttool.pch
c:\users\tjdtj\onedrive\바탕 화면\zzongkkonga\client\mfceffecttool\mfceffecttool\debug\pch.obj
c:\users\tjdtj\onedrive\바탕 화면\zzongkkonga\client\mfceffecttool\mfceffecttool\debug\effecttool.obj
c:\users\tjdtj\onedrive\바탕 화면\zzongkkonga\client\mfceffecttool\mfceffecttool\debug\effecttool2.obj
c:\users\tjdtj\onedrive\바탕 화면\zzongkkonga\client\mfceffecttool\debug\mfceffecttool.exe
c:\users\tjdtj\onedrive\바탕 화면\zzongkkonga\client\mfceffecttool\debug\mfceffecttool.ilk
c:\users\tjdtj\onedrive\바탕 화면\zzongkkonga\client\mfceffecttool\debug\mfceffecttool.pdb
c:\users\tjdtj\onedrive\바탕 화면\zzongkkonga\client\mfceffecttool\mfceffecttool\debug\mfceffecttool.res
c:\users\tjdtj\onedrive\바탕 화면\zzongkkonga\client\mfceffecttool\mfceffecttool\debug\mfceffecttool.tlog\cl.command.1.tlog
c:\users\tjdtj\onedrive\바탕 화면\zzongkkonga\client\mfceffecttool\mfceffecttool\debug\mfceffecttool.tlog\cl.read.1.tlog
c:\users\tjdtj\onedrive\바탕 화면\zzongkkonga\client\mfceffecttool\mfceffecttool\debug\mfceffecttool.tlog\cl.write.1.tlog
c:\users\tjdtj\onedrive\바탕 화면\zzongkkonga\client\mfceffecttool\mfceffecttool\debug\mfceffecttool.tlog\fxc.command.1.tlog
c:\users\tjdtj\onedrive\바탕 화면\zzongkkonga\client\mfceffecttool\mfceffecttool\debug\mfceffecttool.tlog\fxc.read.1.tlog
c:\users\tjdtj\onedrive\바탕 화면\zzongkkonga\client\mfceffecttool\mfceffecttool\debug\mfceffecttool.tlog\link.command.1.tlog
c:\users\tjdtj\onedrive\바탕 화면\zzongkkonga\client\mfceffecttool\mfceffecttool\debug\mfceffecttool.tlog\link.read.1.tlog
c:\users\tjdtj\onedrive\바탕 화면\zzongkkonga\client\mfceffecttool\mfceffecttool\debug\mfceffecttool.tlog\link.write.1.tlog
c:\users\tjdtj\onedrive\바탕 화면\zzongkkonga\client\mfceffecttool\mfceffecttool\debug\mfceffecttool.tlog\rc.command.1.tlog
c:\users\tjdtj\onedrive\바탕 화면\zzongkkonga\client\mfceffecttool\mfceffecttool\debug\mfceffecttool.tlog\rc.read.1.tlog
c:\users\tjdtj\onedrive\바탕 화면\zzongkkonga\client\mfceffecttool\mfceffecttool\debug\mfceffecttool.tlog\rc.write.1.tlog
