  Camera.cpp
C:\Users\tjdtj\OneDrive\바탕 화면\ZzongKkongA\Client\MfcEffectTool\MfcEffectTool\Camera.cpp(290,1): fatal error C1010: 미리 컴파일된 헤더를 찾는 동안 예기치 않은 파일의 끝이 나타났습니다. '#include "pch.h"'을(를) 소스에 추가하시겠습니까?
  DDSTextureLoader12.cpp
C:\Users\tjdtj\OneDrive\바탕 화면\ZzongKkongA\Client\MfcEffectTool\MfcEffectTool\DDSTextureLoader12.cpp(1563,1): fatal error C1010: 미리 컴파일된 헤더를 찾는 동안 예기치 않은 파일의 끝이 나타났습니다. '#include "pch.h"'을(를) 소스에 추가하시겠습니까?
  GameFramework.cpp
C:\Users\tjdtj\OneDrive\바탕 화면\ZzongKkongA\Client\MfcEffectTool\MfcEffectTool\GameFramework.cpp(614,1): fatal error C1010: 미리 컴파일된 헤더를 찾는 동안 예기치 않은 파일의 끝이 나타났습니다. '#include "pch.h"'을(를) 소스에 추가하시겠습니까?
  Mesh.cpp
C:\Users\tjdtj\OneDrive\바탕 화면\ZzongKkongA\Client\MfcEffectTool\MfcEffectTool\Mesh.cpp(501,1): fatal error C1010: 미리 컴파일된 헤더를 찾는 동안 예기치 않은 파일의 끝이 나타났습니다. '#include "pch.h"'을(를) 소스에 추가하시겠습니까?
  MfcEffectTool.cpp
  MfcEffectToolView.cpp
C:\Users\tjdtj\OneDrive\바탕 화면\ZzongKkongA\Client\MfcEffectTool\MfcEffectTool\Mesh.h(12,33): error C3646: 'm_xmf3Position': 알 수 없는 재정의 지정자입니다.
C:\Users\tjdtj\OneDrive\바탕 화면\ZzongKkongA\Client\MfcEffectTool\MfcEffectTool\Mesh.h(12,33): error C4430: 형식 지정자가 없습니다. int로 가정합니다. 참고: C++에서는 기본 int를 지원하지 않습니다.
C:\Users\tjdtj\OneDrive\바탕 화면\ZzongKkongA\Client\MfcEffectTool\MfcEffectTool\Mesh.h(16,33): error C2061: 구문 오류: 식별자 'XMFLOAT3'
C:\Users\tjdtj\OneDrive\바탕 화면\ZzongKkongA\Client\MfcEffectTool\MfcEffectTool\Mesh.h(16,33): error C2535: 'CVertex::CVertex(void)': 멤버 함수를 이미 정의했거나 선언했습니다.
C:\Users\tjdtj\OneDrive\바탕 화면\ZzongKkongA\Client\MfcEffectTool\MfcEffectTool\Mesh.h(15): message : 'CVertex::CVertex' 선언을 참조하십시오.
C:\Users\tjdtj\OneDrive\바탕 화면\ZzongKkongA\Client\MfcEffectTool\MfcEffectTool\Mesh.h(15,14): error C2065: 'm_xmf3Position': 선언되지 않은 식별자입니다.
C:\Users\tjdtj\OneDrive\바탕 화면\ZzongKkongA\Client\MfcEffectTool\MfcEffectTool\Mesh.h(15,31): error C3861: 'XMFLOAT3': 식별자를 찾을 수 없습니다.
C:\Users\tjdtj\OneDrive\바탕 화면\ZzongKkongA\Client\MfcEffectTool\MfcEffectTool\Mesh.h(16,35): error C2065: 'm_xmf3Position': 선언되지 않은 식별자입니다.
C:\Users\tjdtj\OneDrive\바탕 화면\ZzongKkongA\Client\MfcEffectTool\MfcEffectTool\Mesh.h(16,52): error C2065: 'xmf3Position': 선언되지 않은 식별자입니다.
C:\Users\tjdtj\OneDrive\바탕 화면\ZzongKkongA\Client\MfcEffectTool\MfcEffectTool\Mesh.h(23,32): error C3646: 'm_xmf4Diffuse': 알 수 없는 재정의 지정자입니다.
C:\Users\tjdtj\OneDrive\바탕 화면\ZzongKkongA\Client\MfcEffectTool\MfcEffectTool\Mesh.h(23,32): error C4430: 형식 지정자가 없습니다. int로 가정합니다. 참고: C++에서는 기본 int를 지원하지 않습니다.
C:\Users\tjdtj\OneDrive\바탕 화면\ZzongKkongA\Client\MfcEffectTool\MfcEffectTool\Mesh.h(27,67): error C2061: 구문 오류: 식별자 'XMFLOAT4'
C:\Users\tjdtj\OneDrive\바탕 화면\ZzongKkongA\Client\MfcEffectTool\MfcEffectTool\Mesh.h(28,98): error C2061: 구문 오류: 식별자 'XMFLOAT3'
C:\Users\tjdtj\OneDrive\바탕 화면\ZzongKkongA\Client\MfcEffectTool\MfcEffectTool\Mesh.h(28,98): error C2535: 'CDiffusedVertex::CDiffusedVertex(void)': 멤버 함수를 이미 정의했거나 선언했습니다.
C:\Users\tjdtj\OneDrive\바탕 화면\ZzongKkongA\Client\MfcEffectTool\MfcEffectTool\Mesh.h(26): message : 'CDiffusedVertex::CDiffusedVertex' 선언을 참조하십시오.
C:\Users\tjdtj\OneDrive\바탕 화면\ZzongKkongA\Client\MfcEffectTool\MfcEffectTool\Mesh.h(26,22): error C2065: 'm_xmf3Position': 선언되지 않은 식별자입니다.
C:\Users\tjdtj\OneDrive\바탕 화면\ZzongKkongA\Client\MfcEffectTool\MfcEffectTool\Mesh.h(26,39): error C3861: 'XMFLOAT3': 식별자를 찾을 수 없습니다.
C:\Users\tjdtj\OneDrive\바탕 화면\ZzongKkongA\Client\MfcEffectTool\MfcEffectTool\Mesh.h(26,67): error C2065: 'm_xmf4Diffuse': 선언되지 않은 식별자입니다.
C:\Users\tjdtj\OneDrive\바탕 화면\ZzongKkongA\Client\MfcEffectTool\MfcEffectTool\Mesh.h(26,83): error C3861: 'XMFLOAT4': 식별자를 찾을 수 없습니다.
C:\Users\tjdtj\OneDrive\바탕 화면\ZzongKkongA\Client\MfcEffectTool\MfcEffectTool\Mesh.h(27,69): error C2065: 'm_xmf3Position': 선언되지 않은 식별자입니다.
C:\Users\tjdtj\OneDrive\바탕 화면\ZzongKkongA\Client\MfcEffectTool\MfcEffectTool\Mesh.h(27,86): error C3861: 'XMFLOAT3': 식별자를 찾을 수 없습니다.
C:\Users\tjdtj\OneDrive\바탕 화면\ZzongKkongA\Client\MfcEffectTool\MfcEffectTool\Mesh.h(27,105): error C2065: 'm_xmf4Diffuse': 선언되지 않은 식별자입니다.
C:\Users\tjdtj\OneDrive\바탕 화면\ZzongKkongA\Client\MfcEffectTool\MfcEffectTool\Mesh.h(27,121): error C2065: 'xmf4Diffuse': 선언되지 않은 식별자입니다.
C:\Users\tjdtj\OneDrive\바탕 화면\ZzongKkongA\Client\MfcEffectTool\MfcEffectTool\Mesh.h(28,100): error C2065: 'm_xmf3Position': 선언되지 않은 식별자입니다.
C:\Users\tjdtj\OneDrive\바탕 화면\ZzongKkongA\Client\MfcEffectTool\MfcEffectTool\Mesh.h(28,117): error C2065: 'xmf3Position': 선언되지 않은 식별자입니다.
C:\Users\tjdtj\OneDrive\바탕 화면\ZzongKkongA\Client\MfcEffectTool\MfcEffectTool\Mesh.h(28,131): error C2065: 'm_xmf4Diffuse': 선언되지 않은 식별자입니다.
C:\Users\tjdtj\OneDrive\바탕 화면\ZzongKkongA\Client\MfcEffectTool\MfcEffectTool\Mesh.h(28,147): error C2065: 'xmf4Diffuse': 선언되지 않은 식별자입니다.
C:\Users\tjdtj\OneDrive\바탕 화면\ZzongKkongA\Client\MfcEffectTool\MfcEffectTool\Mesh.h(35,30): error C3646: 'm_xmf2TexCoord': 알 수 없는 재정의 지정자입니다.
C:\Users\tjdtj\OneDrive\바탕 화면\ZzongKkongA\Client\MfcEffectTool\MfcEffectTool\Mesh.h(35,30): error C4430: 형식 지정자가 없습니다. int로 가정합니다. 참고: C++에서는 기본 int를 지원하지 않습니다.
C:\Users\tjdtj\OneDrive\바탕 화면\ZzongKkongA\Client\MfcEffectTool\MfcEffectTool\Mesh.h(39,68): error C2061: 구문 오류: 식별자 'XMFLOAT2'
C:\Users\tjdtj\OneDrive\바탕 화면\ZzongKkongA\Client\MfcEffectTool\MfcEffectTool\Mesh.h(40,87): error C2061: 구문 오류: 식별자 'XMFLOAT3'
C:\Users\tjdtj\OneDrive\바탕 화면\ZzongKkongA\Client\MfcEffectTool\MfcEffectTool\Mesh.h(40,87): error C2535: 'CTexturedVertex::CTexturedVertex(void)': 멤버 함수를 이미 정의했거나 선언했습니다.
C:\Users\tjdtj\OneDrive\바탕 화면\ZzongKkongA\Client\MfcEffectTool\MfcEffectTool\Mesh.h(38): message : 'CTexturedVertex::CTexturedVertex' 선언을 참조하십시오.
C:\Users\tjdtj\OneDrive\바탕 화면\ZzongKkongA\Client\MfcEffectTool\MfcEffectTool\Mesh.h(38,22): error C2065: 'm_xmf3Position': 선언되지 않은 식별자입니다.
C:\Users\tjdtj\OneDrive\바탕 화면\ZzongKkongA\Client\MfcEffectTool\MfcEffectTool\Mesh.h(38,39): error C3861: 'XMFLOAT3': 식별자를 찾을 수 없습니다.
C:\Users\tjdtj\OneDrive\바탕 화면\ZzongKkongA\Client\MfcEffectTool\MfcEffectTool\Mesh.h(38,67): error C2065: 'm_xmf2TexCoord': 선언되지 않은 식별자입니다.
C:\Users\tjdtj\OneDrive\바탕 화면\ZzongKkongA\Client\MfcEffectTool\MfcEffectTool\Mesh.h(38,84): error C3861: 'XMFLOAT2': 식별자를 찾을 수 없습니다.
C:\Users\tjdtj\OneDrive\바탕 화면\ZzongKkongA\Client\MfcEffectTool\MfcEffectTool\Mesh.h(39,70): error C2065: 'm_xmf3Position': 선언되지 않은 식별자입니다.
C:\Users\tjdtj\OneDrive\바탕 화면\ZzongKkongA\Client\MfcEffectTool\MfcEffectTool\Mesh.h(39,87): error C3861: 'XMFLOAT3': 식별자를 찾을 수 없습니다.
C:\Users\tjdtj\OneDrive\바탕 화면\ZzongKkongA\Client\MfcEffectTool\MfcEffectTool\Mesh.h(39,106): error C2065: 'm_xmf2TexCoord': 선언되지 않은 식별자입니다.
C:\Users\tjdtj\OneDrive\바탕 화면\ZzongKkongA\Client\MfcEffectTool\MfcEffectTool\Mesh.h(39,123): error C2065: 'xmf2TexCoord': 선언되지 않은 식별자입니다.
C:\Users\tjdtj\OneDrive\바탕 화면\ZzongKkongA\Client\MfcEffectTool\MfcEffectTool\Mesh.h(40,89): error C2065: 'm_xmf3Position': 선언되지 않은 식별자입니다.
C:\Users\tjdtj\OneDrive\바탕 화면\ZzongKkongA\Client\MfcEffectTool\MfcEffectTool\Mesh.h(40,106): error C2065: 'xmf3Position': 선언되지 않은 식별자입니다.
C:\Users\tjdtj\OneDrive\바탕 화면\ZzongKkongA\Client\MfcEffectTool\MfcEffectTool\Mesh.h(40,120): error C2065: 'm_xmf2TexCoord': 선언되지 않은 식별자입니다.
C:\Users\tjdtj\OneDrive\바탕 화면\ZzongKkongA\Client\MfcEffectTool\MfcEffectTool\Mesh.h(40,137): error C2065: 'xmf2TexCoord': 선언되지 않은 식별자입니다.
C:\Users\tjdtj\OneDrive\바탕 화면\ZzongKkongA\Client\MfcEffectTool\MfcEffectTool\Mesh.h(47,30): error C3646: 'm_xmf2TexCoord': 알 수 없는 재정의 지정자입니다.
C:\Users\tjdtj\OneDrive\바탕 화면\ZzongKkongA\Client\MfcEffectTool\MfcEffectTool\Mesh.h(47,30): error C4430: 형식 지정자가 없습니다. int로 가정합니다. 참고: C++에서는 기본 int를 지원하지 않습니다.
C:\Users\tjdtj\OneDrive\바탕 화면\ZzongKkongA\Client\MfcEffectTool\MfcEffectTool\Mesh.h(51,98): error C2061: 구문 오류: 식별자 'XMFLOAT4'
C:\Users\tjdtj\OneDrive\바탕 화면\ZzongKkongA\Client\MfcEffectTool\MfcEffectTool\Mesh.h(52,152): error C2061: 구문 오류: 식별자 'XMFLOAT3'
C:\Users\tjdtj\OneDrive\바탕 화면\ZzongKkongA\Client\MfcEffectTool\MfcEffectTool\Mesh.h(52,152): error C2535: 'CDiffusedTexturedVertex::CDiffusedTexturedVertex(void)': 멤버 함수를 이미 정의했거나 선언했습니다.
C:\Users\tjdtj\OneDrive\바탕 화면\ZzongKkongA\Client\MfcEffectTool\MfcEffectTool\Mesh.h(50): message : 'CDiffusedTexturedVertex::CDiffusedTexturedVertex' 선언을 참조하십시오.
C:\Users\tjdtj\OneDrive\바탕 화면\ZzongKkongA\Client\MfcEffectTool\MfcEffectTool\Mesh.h(50,30): error C2065: 'm_xmf3Position': 선언되지 않은 식별자입니다.
C:\Users\tjdtj\OneDrive\바탕 화면\ZzongKkongA\Client\MfcEffectTool\MfcEffectTool\Mesh.h(50,47): error C3861: 'XMFLOAT3': 식별자를 찾을 수 없습니다.
C:\Users\tjdtj\OneDrive\바탕 화면\ZzongKkongA\Client\MfcEffectTool\MfcEffectTool\Mesh.h(50,75): error C2065: 'm_xmf4Diffuse': 선언되지 않은 식별자입니다.
C:\Users\tjdtj\OneDrive\바탕 화면\ZzongKkongA\Client\MfcEffectTool\MfcEffectTool\Mesh.h(50,91): error C3861: 'XMFLOAT4': 식별자를 찾을 수 없습니다.
C:\Users\tjdtj\OneDrive\바탕 화면\ZzongKkongA\Client\MfcEffectTool\MfcEffectTool\Mesh.h(50,125): error C2065: 'm_xmf2TexCoord': 선언되지 않은 식별자입니다.
C:\Users\tjdtj\OneDrive\바탕 화면\ZzongKkongA\Client\MfcEffectTool\MfcEffectTool\Mesh.h(50,142): error C3861: 'XMFLOAT2': 식별자를 찾을 수 없습니다.
C:\Users\tjdtj\OneDrive\바탕 화면\ZzongKkongA\Client\MfcEffectTool\MfcEffectTool\Mesh.h(51,100): error C2065: 'm_xmf3Position': 선언되지 않은 식별자입니다.
C:\Users\tjdtj\OneDrive\바탕 화면\ZzongKkongA\Client\MfcEffectTool\MfcEffectTool\Mesh.h(51,117): error C3861: 'XMFLOAT3': 식별자를 찾을 수 없습니다.
C:\Users\tjdtj\OneDrive\바탕 화면\ZzongKkongA\Client\MfcEffectTool\MfcEffectTool\Mesh.h(51,136): error C2065: 'm_xmf4Diffuse': 선언되지 않은 식별자입니다.
C:\Users\tjdtj\OneDrive\바탕 화면\ZzongKkongA\Client\MfcEffectTool\MfcEffectTool\Mesh.h(51,152): error C2065: 'xmf4Diffuse': 선언되지 않은 식별자입니다.
C:\Users\tjdtj\OneDrive\바탕 화면\ZzongKkongA\Client\MfcEffectTool\MfcEffectTool\Mesh.h(51,165): error C2065: 'm_xmf2TexCoord': 선언되지 않은 식별자입니다.
C:\Users\tjdtj\OneDrive\바탕 화면\ZzongKkongA\Client\MfcEffectTool\MfcEffectTool\Mesh.h(51,182): error C2065: 'xmf2TexCoord': 선언되지 않은 식별자입니다.
C:\Users\tjdtj\OneDrive\바탕 화면\ZzongKkongA\Client\MfcEffectTool\MfcEffectTool\Mesh.h(52,154): error C2065: 'm_xmf3Position': 선언되지 않은 식별자입니다.
C:\Users\tjdtj\OneDrive\바탕 화면\ZzongKkongA\Client\MfcEffectTool\MfcEffectTool\Mesh.h(52,171): error C2065: 'xmf3Position': 선언되지 않은 식별자입니다.
C:\Users\tjdtj\OneDrive\바탕 화면\ZzongKkongA\Client\MfcEffectTool\MfcEffectTool\Mesh.h(52,185): error C2065: 'm_xmf4Diffuse': 선언되지 않은 식별자입니다.
C:\Users\tjdtj\OneDrive\바탕 화면\ZzongKkongA\Client\MfcEffectTool\MfcEffectTool\Mesh.h(52,201): error C2065: 'xmf4Diffuse': 선언되지 않은 식별자입니다.
C:\Users\tjdtj\OneDrive\바탕 화면\ZzongKkongA\Client\MfcEffectTool\MfcEffectTool\Mesh.h(52,214): error C2065: 'm_xmf2TexCoord': 선언되지 않은 식별자입니다.
C:\Users\tjdtj\OneDrive\바탕 화면\ZzongKkongA\Client\MfcEffectTool\MfcEffectTool\Mesh.h(52,231): error C2065: 'xmf2TexCoord': 선언되지 않은 식별자입니다.
C:\Users\tjdtj\OneDrive\바탕 화면\ZzongKkongA\Client\MfcEffectTool\MfcEffectTool\Mesh.h(61,80): error C2061: 구문 오류: 식별자 'ID3D12Device'
C:\Users\tjdtj\OneDrive\바탕 화면\ZzongKkongA\Client\MfcEffectTool\MfcEffectTool\Mesh.h(74,21): error C2143: 구문 오류: ';'이(가) '*' 앞에 없습니다.
C:\Users\tjdtj\OneDrive\바탕 화면\ZzongKkongA\Client\MfcEffectTool\MfcEffectTool\Mesh.h(74,21): error C4430: 형식 지정자가 없습니다. int로 가정합니다. 참고: C++에서는 기본 int를 지원하지 않습니다.
C:\Users\tjdtj\OneDrive\바탕 화면\ZzongKkongA\Client\MfcEffectTool\MfcEffectTool\Mesh.h(74,47): error C2238: ';' 앞에 예기치 않은 토큰이 있습니다.
C:\Users\tjdtj\OneDrive\바탕 화면\ZzongKkongA\Client\MfcEffectTool\MfcEffectTool\Mesh.h(75,21): error C2143: 구문 오류: ';'이(가) '*' 앞에 없습니다.
C:\Users\tjdtj\OneDrive\바탕 화면\ZzongKkongA\Client\MfcEffectTool\MfcEffectTool\Mesh.h(75,21): error C4430: 형식 지정자가 없습니다. int로 가정합니다. 참고: C++에서는 기본 int를 지원하지 않습니다.
C:\Users\tjdtj\OneDrive\바탕 화면\ZzongKkongA\Client\MfcEffectTool\MfcEffectTool\Mesh.h(75,53): error C2238: ';' 앞에 예기치 않은 토큰이 있습니다.
C:\Users\tjdtj\OneDrive\바탕 화면\ZzongKkongA\Client\MfcEffectTool\MfcEffectTool\Mesh.h(77,21): error C2143: 구문 오류: ';'이(가) '*' 앞에 없습니다.
C:\Users\tjdtj\OneDrive\바탕 화면\ZzongKkongA\Client\MfcEffectTool\MfcEffectTool\Mesh.h(77,21): error C4430: 형식 지정자가 없습니다. int로 가정합니다. 참고: C++에서는 기본 int를 지원하지 않습니다.
C:\Users\tjdtj\OneDrive\바탕 화면\ZzongKkongA\Client\MfcEffectTool\MfcEffectTool\Mesh.h(77,46): error C2238: ';' 앞에 예기치 않은 토큰이 있습니다.
C:\Users\tjdtj\OneDrive\바탕 화면\ZzongKkongA\Client\MfcEffectTool\MfcEffectTool\Mesh.h(78,21): error C2143: 구문 오류: ';'이(가) '*' 앞에 없습니다.
C:\Users\tjdtj\OneDrive\바탕 화면\ZzongKkongA\Client\MfcEffectTool\MfcEffectTool\Mesh.h(78,21): error C4430: 형식 지정자가 없습니다. int로 가정합니다. 참고: C++에서는 기본 int를 지원하지 않습니다.
C:\Users\tjdtj\OneDrive\바탕 화면\ZzongKkongA\Client\MfcEffectTool\MfcEffectTool\Mesh.h(78,52): error C2238: ';' 앞에 예기치 않은 토큰이 있습니다.
C:\Users\tjdtj\OneDrive\바탕 화면\ZzongKkongA\Client\MfcEffectTool\MfcEffectTool\Mesh.h(80,49): error C3646: 'm_d3dVertexBufferView': 알 수 없는 재정의 지정자입니다.
C:\Users\tjdtj\OneDrive\바탕 화면\ZzongKkongA\Client\MfcEffectTool\MfcEffectTool\Mesh.h(80,49): error C4430: 형식 지정자가 없습니다. int로 가정합니다. 참고: C++에서는 기본 int를 지원하지 않습니다.
C:\Users\tjdtj\OneDrive\바탕 화면\ZzongKkongA\Client\MfcEffectTool\MfcEffectTool\Mesh.h(81,48): error C3646: 'm_d3dIndexBufferView': 알 수 없는 재정의 지정자입니다.
C:\Users\tjdtj\OneDrive\바탕 화면\ZzongKkongA\Client\MfcEffectTool\MfcEffectTool\Mesh.h(81,48): error C4430: 형식 지정자가 없습니다. int로 가정합니다. 참고: C++에서는 기본 int를 지원하지 않습니다.
C:\Users\tjdtj\OneDrive\바탕 화면\ZzongKkongA\Client\MfcEffectTool\MfcEffectTool\Mesh.h(83,51): error C3646: 'm_d3dPrimitiveTopology': 알 수 없는 재정의 지정자입니다.
C:\Users\tjdtj\OneDrive\바탕 화면\ZzongKkongA\Client\MfcEffectTool\MfcEffectTool\Mesh.h(83,51): error C2059: 구문 오류: '='
C:\Users\tjdtj\OneDrive\바탕 화면\ZzongKkongA\Client\MfcEffectTool\MfcEffectTool\Mesh.h(83,88): error C2238: ';' 앞에 예기치 않은 토큰이 있습니다.
C:\Users\tjdtj\OneDrive\바탕 화면\ZzongKkongA\Client\MfcEffectTool\MfcEffectTool\Mesh.h(94,48): error C2061: 구문 오류: 식별자 'ID3D12GraphicsCommandList'
C:\Users\tjdtj\OneDrive\바탕 화면\ZzongKkongA\Client\MfcEffectTool\MfcEffectTool\Mesh.h(102,96): error C2061: 구문 오류: 식별자 'ID3D12Device'
C:\Users\tjdtj\OneDrive\바탕 화면\ZzongKkongA\Client\MfcEffectTool\MfcEffectTool\Mesh.h(105,48): error C2061: 구문 오류: 식별자 'ID3D12GraphicsCommandList'
C:\Users\tjdtj\OneDrive\바탕 화면\ZzongKkongA\Client\MfcEffectTool\MfcEffectTool\Mesh.h(113,153): error C2061: 구문 오류: 식별자 'ID3D12Device'
C:\Users\tjdtj\OneDrive\바탕 화면\ZzongKkongA\Client\MfcEffectTool\MfcEffectTool\Mesh.h(122,153): error C2061: 구문 오류: 식별자 'ID3D12Device'
C:\Users\tjdtj\OneDrive\바탕 화면\ZzongKkongA\Client\MfcEffectTool\MfcEffectTool\Mesh.h(131,214): error C2061: 구문 오류: 식별자 'ID3D12Device'
C:\Users\tjdtj\OneDrive\바탕 화면\ZzongKkongA\Client\MfcEffectTool\MfcEffectTool\Mesh.h(144,26): error C3646: 'm_xmf3Scale': 알 수 없는 재정의 지정자입니다.
C:\Users\tjdtj\OneDrive\바탕 화면\ZzongKkongA\Client\MfcEffectTool\MfcEffectTool\Mesh.h(144,26): error C4430: 형식 지정자가 없습니다. int로 가정합니다. 참고: C++에서는 기본 int를 지원하지 않습니다.
C:\Users\tjdtj\OneDrive\바탕 화면\ZzongKkongA\Client\MfcEffectTool\MfcEffectTool\Mesh.h(147,81): error C2061: 구문 오류: 식별자 'XMFLOAT3'
C:\Users\tjdtj\OneDrive\바탕 화면\ZzongKkongA\Client\MfcEffectTool\MfcEffectTool\Mesh.h(151,29): error C3646: 'GetHeightMapNormal': 알 수 없는 재정의 지정자입니다.
C:\Users\tjdtj\OneDrive\바탕 화면\ZzongKkongA\Client\MfcEffectTool\MfcEffectTool\Mesh.h(151,29): error C2059: 구문 오류: '('
C:\Users\tjdtj\OneDrive\바탕 화면\ZzongKkongA\Client\MfcEffectTool\MfcEffectTool\Mesh.h(151,43): error C2238: ';' 앞에 예기치 않은 토큰이 있습니다.
C:\Users\tjdtj\OneDrive\바탕 화면\ZzongKkongA\Client\MfcEffectTool\MfcEffectTool\Mesh.h(152,19): error C3646: 'GetScale': 알 수 없는 재정의 지정자입니다.
C:\Users\tjdtj\OneDrive\바탕 화면\ZzongKkongA\Client\MfcEffectTool\MfcEffectTool\Mesh.h(152,19): error C2059: 구문 오류: '('
C:\Users\tjdtj\OneDrive\바탕 화면\ZzongKkongA\Client\MfcEffectTool\MfcEffectTool\Mesh.h(152,22): error C2334: '{' 앞에 예기치 않은 토큰이 있습니다. 명백한 함수 본문을 건너뜁니다.
C:\Users\tjdtj\OneDrive\바탕 화면\ZzongKkongA\Client\MfcEffectTool\MfcEffectTool\Mesh.h(164,26): error C3646: 'm_xmf3Scale': 알 수 없는 재정의 지정자입니다.
C:\Users\tjdtj\OneDrive\바탕 화면\ZzongKkongA\Client\MfcEffectTool\MfcEffectTool\Mesh.h(164,26): error C4430: 형식 지정자가 없습니다. int로 가정합니다. 참고: C++에서는 기본 int를 지원하지 않습니다.
C:\Users\tjdtj\OneDrive\바탕 화면\ZzongKkongA\Client\MfcEffectTool\MfcEffectTool\Mesh.h(167,266): error C2061: 구문 오류: 식별자 'ID3D12Device'
C:\Users\tjdtj\OneDrive\바탕 화면\ZzongKkongA\Client\MfcEffectTool\MfcEffectTool\Mesh.h(170,19): error C3646: 'GetScale': 알 수 없는 재정의 지정자입니다.
C:\Users\tjdtj\OneDrive\바탕 화면\ZzongKkongA\Client\MfcEffectTool\MfcEffectTool\Mesh.h(170,19): error C2059: 구문 오류: '('
C:\Users\tjdtj\OneDrive\바탕 화면\ZzongKkongA\Client\MfcEffectTool\MfcEffectTool\Mesh.h(170,22): error C2334: '{' 앞에 예기치 않은 토큰이 있습니다. 명백한 함수 본문을 건너뜁니다.
C:\Users\tjdtj\OneDrive\바탕 화면\ZzongKkongA\Client\MfcEffectTool\MfcEffectTool\Mesh.h(175,29): error C3646: 'OnGetColor': 알 수 없는 재정의 지정자입니다.
C:\Users\tjdtj\OneDrive\바탕 화면\ZzongKkongA\Client\MfcEffectTool\MfcEffectTool\Mesh.h(175,34): error C2062: 예기치 않은 'int' 형식입니다.
C:\Users\tjdtj\OneDrive\바탕 화면\ZzongKkongA\Client\MfcEffectTool\MfcEffectTool\Mesh.h(175,59): error C2238: ';' 앞에 예기치 않은 토큰이 있습니다.
C:\Users\tjdtj\OneDrive\바탕 화면\ZzongKkongA\Client\MfcEffectTool\MfcEffectTool\Camera.h(11,30): error C3646: 'm_xmf4x4View': 알 수 없는 재정의 지정자입니다.
C:\Users\tjdtj\OneDrive\바탕 화면\ZzongKkongA\Client\MfcEffectTool\MfcEffectTool\Camera.h(11,30): error C4430: 형식 지정자가 없습니다. int로 가정합니다. 참고: C++에서는 기본 int를 지원하지 않습니다.
C:\Users\tjdtj\OneDrive\바탕 화면\ZzongKkongA\Client\MfcEffectTool\MfcEffectTool\Camera.h(12,36): error C3646: 'm_xmf4x4Projection': 알 수 없는 재정의 지정자입니다.
C:\Users\tjdtj\OneDrive\바탕 화면\ZzongKkongA\Client\MfcEffectTool\MfcEffectTool\Camera.h(12,36): error C4430: 형식 지정자가 없습니다. int로 가정합니다. 참고: C++에서는 기본 int를 지원하지 않습니다.
C:\Users\tjdtj\OneDrive\바탕 화면\ZzongKkongA\Client\MfcEffectTool\MfcEffectTool\Camera.h(20,30): error C3646: 'm_xmf3Position': 알 수 없는 재정의 지정자입니다.
C:\Users\tjdtj\OneDrive\바탕 화면\ZzongKkongA\Client\MfcEffectTool\MfcEffectTool\Camera.h(20,30): error C4430: 형식 지정자가 없습니다. int로 가정합니다. 참고: C++에서는 기본 int를 지원하지 않습니다.
C:\Users\tjdtj\OneDrive\바탕 화면\ZzongKkongA\Client\MfcEffectTool\MfcEffectTool\Camera.h(21,27): error C3646: 'm_xmf3Right': 알 수 없는 재정의 지정자입니다.
C:\Users\tjdtj\OneDrive\바탕 화면\ZzongKkongA\Client\MfcEffectTool\MfcEffectTool\Camera.h(21,27): fatal error C1003: 오류 수가 100개를 초과했습니다. 컴파일을 중지합니다.
  MyForm.cpp
  Object.cpp
C:\Users\tjdtj\OneDrive\바탕 화면\ZzongKkongA\Client\MfcEffectTool\MfcEffectTool\Object.cpp(432,1): fatal error C1010: 미리 컴파일된 헤더를 찾는 동안 예기치 않은 파일의 끝이 나타났습니다. '#include "pch.h"'을(를) 소스에 추가하시겠습니까?
  Player.cpp
C:\Users\tjdtj\OneDrive\바탕 화면\ZzongKkongA\Client\MfcEffectTool\MfcEffectTool\Player.cpp(445,1): fatal error C1010: 미리 컴파일된 헤더를 찾는 동안 예기치 않은 파일의 끝이 나타났습니다. '#include "pch.h"'을(를) 소스에 추가하시겠습니까?
  Scene.cpp
C:\Users\tjdtj\OneDrive\바탕 화면\ZzongKkongA\Client\MfcEffectTool\MfcEffectTool\Scene.cpp(217,1): fatal error C1010: 미리 컴파일된 헤더를 찾는 동안 예기치 않은 파일의 끝이 나타났습니다. '#include "pch.h"'을(를) 소스에 추가하시겠습니까?
  Shader.cpp
C:\Users\tjdtj\OneDrive\바탕 화면\ZzongKkongA\Client\MfcEffectTool\MfcEffectTool\Shader.cpp(557,1): fatal error C1010: 미리 컴파일된 헤더를 찾는 동안 예기치 않은 파일의 끝이 나타났습니다. '#include "pch.h"'을(를) 소스에 추가하시겠습니까?
  stdafx.cpp
C:\Users\tjdtj\OneDrive\바탕 화면\ZzongKkongA\Client\MfcEffectTool\MfcEffectTool\stdafx.cpp(162,1): fatal error C1010: 미리 컴파일된 헤더를 찾는 동안 예기치 않은 파일의 끝이 나타났습니다. '#include "pch.h"'을(를) 소스에 추가하시겠습니까?
  Timer.cpp
C:\Users\tjdtj\OneDrive\바탕 화면\ZzongKkongA\Client\MfcEffectTool\MfcEffectTool\Timer.cpp(126,1): fatal error C1010: 미리 컴파일된 헤더를 찾는 동안 예기치 않은 파일의 끝이 나타났습니다. '#include "pch.h"'을(를) 소스에 추가하시겠습니까?
  코드를 생성하고 있습니다...
