d:\graduationwork\client\corruptlab#2\corruptlab\x64\debug\vc142.pdb
d:\graduationwork\client\corruptlab#2\corruptlab\x64\debug\vc142.idb
d:\graduationwork\client\corruptlab#2\corruptlab\x64\debug\wictextureloader12.obj
d:\graduationwork\client\corruptlab#2\corruptlab\x64\debug\timer.obj
d:\graduationwork\client\corruptlab#2\corruptlab\x64\debug\stdafx.obj
d:\graduationwork\client\corruptlab#2\corruptlab\x64\debug\shader.obj
d:\graduationwork\client\corruptlab#2\corruptlab\x64\debug\scene.obj
d:\graduationwork\client\corruptlab#2\corruptlab\x64\debug\player.obj
d:\graduationwork\client\corruptlab#2\corruptlab\x64\debug\object.obj
d:\graduationwork\client\corruptlab#2\corruptlab\x64\debug\mesh.obj
d:\graduationwork\client\corruptlab#2\corruptlab\x64\debug\gameframework.obj
d:\graduationwork\client\corruptlab#2\corruptlab\x64\debug\ddstextureloader12.obj
d:\graduationwork\client\corruptlab#2\corruptlab\x64\debug\corruptlab.obj
d:\graduationwork\client\corruptlab#2\corruptlab\x64\debug\camera.obj
d:\graduationwork\client\corruptlab#2\corruptlab\x64\debug\animation.obj
d:\graduationwork\client\corruptlab#2\x64\debug\corruptlab.exe
d:\graduationwork\client\corruptlab#2\x64\debug\corruptlab.ilk
d:\graduationwork\client\corruptlab#2\x64\debug\corruptlab.pdb
d:\graduationwork\client\corruptlab#2\corruptlab\x64\debug\corruptlab.res
d:\graduationwork\client\corruptlab#2\corruptlab\x64\debug\corruptlab.tlog\cl.command.1.tlog
d:\graduationwork\client\corruptlab#2\corruptlab\x64\debug\corruptlab.tlog\cl.read.1.tlog
d:\graduationwork\client\corruptlab#2\corruptlab\x64\debug\corruptlab.tlog\cl.write.1.tlog
d:\graduationwork\client\corruptlab#2\corruptlab\x64\debug\corruptlab.tlog\link.command.1.tlog
d:\graduationwork\client\corruptlab#2\corruptlab\x64\debug\corruptlab.tlog\link.read.1.tlog
d:\graduationwork\client\corruptlab#2\corruptlab\x64\debug\corruptlab.tlog\link.write.1.tlog
d:\graduationwork\client\corruptlab#2\corruptlab\x64\debug\corruptlab.tlog\rc.command.1.tlog
d:\graduationwork\client\corruptlab#2\corruptlab\x64\debug\corruptlab.tlog\rc.read.1.tlog
d:\graduationwork\client\corruptlab#2\corruptlab\x64\debug\corruptlab.tlog\rc.write.1.tlog
